<?xml version="1.0" encoding="UTF-8"?>
<testsuite xmlns:xsi="http://www.w3.org/2001/XMLSchema-instance" xsi:noNamespaceSchemaLocation="https://maven.apache.org/surefire/maven-surefire-plugin/xsd/surefire-test-report-3.0.xsd" version="3.0" name="dev.hstoklosa.jwtext.service.TokenParametersTest" time="0.007" tests="6" errors="0" skipped="0" failures="0">
  <properties>
[...]
</properties>
  <testcase name="shouldCreate" classname="dev.hstoklosa.jwtext.service.TokenParametersTest" time="0.001"/>
  <testcase name="shouldAddClaims" classname="dev.hstoklosa.jwtext.service.TokenParametersTest" time="0.001"/>
  <testcase name="shouldSetIssuedAt" classname="dev.hstoklosa.jwtext.service.TokenParametersTest" time="0.001"/>
  <testcase name="shouldSetExpiredAt" classname="dev.hstoklosa.jwtext.service.TokenParametersTest" time="0.001"/>
  <testcase name="shouldSetSubject" classname="dev.hstoklosa.jwtext.service.TokenParametersTest" time="0.001"/>
  <testcase name="shouldAddClaim" classname="dev.hstoklosa.jwtext.service.TokenParametersTest" time="0.0"/>
</testsuite>