<?xml version="1.0" encoding="UTF-8"?>
<testsuite xmlns:xsi="http://www.w3.org/2001/XMLSchema-instance" xsi:noNamespaceSchemaLocation="https://maven.apache.org/surefire/maven-surefire-plugin/xsd/surefire-test-report-3.0.xsd" version="3.0" name="dev.hstoklosa.jwtext.service.TokenServiceImplTest" time="2.298" tests="7" errors="1" skipped="0" failures="0">
  <properties>
[...]
</properties>
  <testcase name="withInvalidClaimShouldReturnFalse" classname="dev.hstoklosa.jwtext.service.TokenServiceImplTest" time="0.238"/>
  <testcase name="shouldReturnCorrectSubject" classname="dev.hstoklosa.jwtext.service.TokenServiceImplTest" time="0.003"/>
  <testcase name="shouldGenerateValidToken" classname="dev.hstoklosa.jwtext.service.TokenServiceImplTest" time="0.003"/>
  <testcase name="isExpiredWithValidTokenShouldReturnFalse" classname="dev.hstoklosa.jwtext.service.TokenServiceImplTest" time="0.002"/>
  <testcase name="isExpiredWithExpiredTokenShouldReturnTrue" classname="dev.hstoklosa.jwtext.service.TokenServiceImplTest" time="2.011">
    <error message="JWT expired 1678 milliseconds ago at 2025-01-30T21:57:54.000Z. Current time: 2025-01-30T21:57:55.678Z. Allowed clock skew: 0 milliseconds." type="io.jsonwebtoken.ExpiredJwtException"><![CDATA[io.jsonwebtoken.ExpiredJwtException: JWT expired 1678 milliseconds ago at 2025-01-30T21:57:54.000Z. Current time: 2025-01-30T21:57:55.678Z. Allowed clock skew: 0 milliseconds.
	at io.jsonwebtoken.impl.DefaultJwtParser.parse(DefaultJwtParser.java:691)
	at io.jsonwebtoken.impl.DefaultJwtParser.parse(DefaultJwtParser.java:364)
	at io.jsonwebtoken.impl.DefaultJwtParser.parse(DefaultJwtParser.java:94)
	at io.jsonwebtoken.impl.io.AbstractParser.parse(AbstractParser.java:36)
	at io.jsonwebtoken.impl.io.AbstractParser.parse(AbstractParser.java:29)
	at io.jsonwebtoken.impl.DefaultJwtParser.parseSignedClaims(DefaultJwtParser.java:830)
	at dev.hstoklosa.jwtext.service.TokenServiceImpl.isExpired(TokenServiceImpl.java:46)
	at dev.hstoklosa.jwtext.service.TokenServiceImplTest.isExpiredWithExpiredTokenShouldReturnTrue(TokenServiceImplTest.java:73)
	at java.base/java.lang.reflect.Method.invoke(Method.java:580)
	at java.base/java.util.ArrayList.forEach(ArrayList.java:1596)
	at java.base/java.util.ArrayList.forEach(ArrayList.java:1596)
]]></error>
  </testcase>
  <testcase name="shouldReturnCorrectClaims" classname="dev.hstoklosa.jwtext.service.TokenServiceImplTest" time="0.002"/>
  <testcase name="withValidClaimShouldReturnTrue" classname="dev.hstoklosa.jwtext.service.TokenServiceImplTest" time="0.002"/>
</testsuite>