<?xml version="1.0" encoding="UTF-8"?>
<testsuite xmlns:xsi="http://www.w3.org/2001/XMLSchema-instance" xsi:noNamespaceSchemaLocation="https://maven.apache.org/surefire/maven-surefire-plugin/xsd/surefire-test-report-3.0.xsd" version="3.0" name="dev.hstoklosa.jwtext.service.TokenServiceImplTest" time="2.217" tests="8" errors="0" skipped="0" failures="0">
  <properties>
[...]
</properties>
  <testcase name="withInvalidClaimShouldReturnFalse" classname="dev.hstoklosa.jwtext.service.TokenServiceImplTest" time="0.189"/>
  <testcase name="shouldReturnCorrectSubject" classname="dev.hstoklosa.jwtext.service.TokenServiceImplTest" time="0.002"/>
  <testcase name="shouldGenerateValidToken" classname="dev.hstoklosa.jwtext.service.TokenServiceImplTest" time="0.001"/>
  <testcase name="shouldReturnCorrectType" classname="dev.hstoklosa.jwtext.service.TokenServiceImplTest" time="0.001"/>
  <testcase name="isExpiredWithValidTokenShouldReturnFalse" classname="dev.hstoklosa.jwtext.service.TokenServiceImplTest" time="0.002"/>
  <testcase name="isExpiredWithExpiredTokenShouldReturnTrue" classname="dev.hstoklosa.jwtext.service.TokenServiceImplTest" time="2.003"/>
  <testcase name="shouldReturnCorrectClaims" classname="dev.hstoklosa.jwtext.service.TokenServiceImplTest" time="0.002"/>
  <testcase name="withValidClaimShouldReturnTrue" classname="dev.hstoklosa.jwtext.service.TokenServiceImplTest" time="0.001"/>
</testsuite>